action: py37, msg: getenv
cwd: /Users/stevenburton/Code/dataworks-ingestion-metadata-interface
cmd: /Users/stevenburton/Code/dataworks-ingestion-metadata-interface/.tox/py37/bin/pip install --index-url=https://pypi.python.org/simple/ --trusted-host=pypi.python.org --trusted-host=files.pythonhosted.org pytest mock 'boto3>=1.14.33' parameterized flake8 mysql-connector-python==8.0.20
Looking in indexes: https://pypi.python.org/simple/
Collecting pytest
  Downloading pytest-6.1.0-py3-none-any.whl (272 kB)
Collecting mock
  Downloading mock-4.0.2-py3-none-any.whl (28 kB)
Collecting boto3>=1.14.33
  Downloading boto3-1.15.7-py2.py3-none-any.whl (129 kB)
Collecting parameterized
  Downloading parameterized-0.7.4-py2.py3-none-any.whl (25 kB)
Collecting flake8
  Downloading flake8-3.8.3-py2.py3-none-any.whl (72 kB)
Collecting mysql-connector-python==8.0.20
  Downloading mysql_connector_python-8.0.20-cp37-cp37m-macosx_10_14_x86_64.whl (4.8 MB)
Collecting pluggy<1.0,>=0.12
  Downloading pluggy-0.13.1-py2.py3-none-any.whl (18 kB)
Collecting importlib-metadata>=0.12; python_version < "3.8"
  Downloading importlib_metadata-2.0.0-py2.py3-none-any.whl (31 kB)
Collecting attrs>=17.4.0
  Downloading attrs-20.2.0-py2.py3-none-any.whl (48 kB)
Collecting toml
  Downloading toml-0.10.1-py2.py3-none-any.whl (19 kB)
Collecting iniconfig
  Downloading iniconfig-1.0.1-py3-none-any.whl (4.2 kB)
Collecting packaging
  Downloading packaging-20.4-py2.py3-none-any.whl (37 kB)
Collecting py>=1.8.2
  Downloading py-1.9.0-py2.py3-none-any.whl (99 kB)
Collecting jmespath<1.0.0,>=0.7.1
  Downloading jmespath-0.10.0-py2.py3-none-any.whl (24 kB)
Collecting botocore<1.19.0,>=1.18.7
  Downloading botocore-1.18.7-py2.py3-none-any.whl (6.6 MB)
Collecting s3transfer<0.4.0,>=0.3.0
  Downloading s3transfer-0.3.3-py2.py3-none-any.whl (69 kB)
Collecting pyflakes<2.3.0,>=2.2.0
  Downloading pyflakes-2.2.0-py2.py3-none-any.whl (66 kB)
Collecting mccabe<0.7.0,>=0.6.0
  Downloading mccabe-0.6.1-py2.py3-none-any.whl (8.6 kB)
Collecting pycodestyle<2.7.0,>=2.6.0a1
  Downloading pycodestyle-2.6.0-py2.py3-none-any.whl (41 kB)
Collecting protobuf>=3.0.0
  Downloading protobuf-3.13.0-cp37-cp37m-macosx_10_9_x86_64.whl (1.3 MB)
Collecting zipp>=0.5
  Downloading zipp-3.2.0-py3-none-any.whl (5.1 kB)
Collecting pyparsing>=2.0.2
  Downloading pyparsing-2.4.7-py2.py3-none-any.whl (67 kB)
Collecting six
  Downloading six-1.15.0-py2.py3-none-any.whl (10 kB)
Collecting urllib3<1.26,>=1.20; python_version != "3.4"
  Downloading urllib3-1.25.10-py2.py3-none-any.whl (127 kB)
Collecting python-dateutil<3.0.0,>=2.1
  Downloading python_dateutil-2.8.1-py2.py3-none-any.whl (227 kB)
Requirement already satisfied: setuptools in ./.tox/py37/lib/python3.7/site-packages (from protobuf>=3.0.0->mysql-connector-python==8.0.20) (45.2.0)
Installing collected packages: zipp, importlib-metadata, pluggy, attrs, toml, iniconfig, pyparsing, six, packaging, py, pytest, mock, jmespath, urllib3, python-dateutil, botocore, s3transfer, boto3, parameterized, pyflakes, mccabe, pycodestyle, flake8, protobuf, mysql-connector-python
Successfully installed attrs-20.2.0 boto3-1.15.7 botocore-1.18.7 flake8-3.8.3 importlib-metadata-2.0.0 iniconfig-1.0.1 jmespath-0.10.0 mccabe-0.6.1 mock-4.0.2 mysql-connector-python-8.0.20 packaging-20.4 parameterized-0.7.4 pluggy-0.13.1 protobuf-3.13.0 py-1.9.0 pycodestyle-2.6.0 pyflakes-2.2.0 pyparsing-2.4.7 pytest-6.1.0 python-dateutil-2.8.1 s3transfer-0.3.3 six-1.15.0 toml-0.10.1 urllib3-1.25.10 zipp-3.2.0
WARNING: You are using pip version 20.0.2; however, version 20.2.3 is available.
You should consider upgrading via the '/Users/stevenburton/Code/dataworks-ingestion-metadata-interface/.tox/py37/bin/python -m pip install --upgrade pip' command.
