action: py37, msg: envreport
cwd: /Users/stevenburton/Code/dataworks-ingestion-metadata-interface
cmd: /Users/stevenburton/Code/dataworks-ingestion-metadata-interface/.tox/py37/bin/python -m pip freeze
attrs==20.2.0
boto3==1.15.7
botocore==1.18.7
dataworks-ingestion-metadata-interface==0.0.1
flake8==3.8.3
importlib-metadata==2.0.0
iniconfig==1.0.1
jmespath==0.10.0
mccabe==0.6.1
mock==4.0.2
mysql-connector-python==8.0.20
packaging==20.4
parameterized==0.7.4
pluggy==0.13.1
protobuf==3.13.0
py==1.9.0
pycodestyle==2.6.0
pyflakes==2.2.0
pyparsing==2.4.7
pytest==6.1.0
python-dateutil==2.8.1
s3transfer==0.3.3
six==1.15.0
toml==0.10.1
urllib3==1.25.10
zipp==3.2.0
